Arguments: 
  C:\Program Files\nodejs\node.exe C:\Users\Marcus\AppData\Roaming\npm\node_modules\yarn\bin\yarn.js add chart,js

PATH: 
  C:\Program Files (x86)\Common Files\Oracle\Java\javapath;C:\Python27\;C:\ProgramData\Oracle\Java\javapath;C:\WINDOWS\system32;C:\WINDOWS;C:\WINDOWS\System32\Wbem;C:\WINDOWS\System32\WindowsPowerShell\v1.0\;C:\Program Files (x86)\GtkSharp\2.12\bin;C:\Program Files\Perforce\DVCS\;C:\cygwin64\bin;C:\Users\Marcus\AppData\Local\Android\sdk\platform-tools;C:\WINDOWS\system32;C:\WINDOWS;C:\WINDOWS\System32\Wbem;C:\WINDOWS\System32\WindowsPowerShell\v1.0\;C:\WINDOWS\System32\OpenSSH\;C:\Program Files (x86)\Microsoft Visual Studio\2017\BuildTools\MSBuild\15.0\Bin;C:\Program Files\SourceGear\Common\DiffMerge\;C:\Program Files\dotnet\;C:\Python27\Scripts;C:\Program Files\Microsoft VS Code\bin;C:\Program Files (x86)\NVIDIA Corporation\PhysX\Common;C:\Program Files\nodejs\;C:\Program Files\Git\cmd;C:\Program Files\NVIDIA Corporation\NVIDIA NvDLISR;C:\Users\Marcus\AppData\Local\Yarn\bin;C:\Program Files (x86)\Vim\vim82\;C:\Users\Marcus\AppData\Local\Microsoft\WindowsApps;C:\Users\Marcus\AppData\Local\Microsoft\WindowsApps;C:\Program Files (x86)\Microsoft VS Code\bin;C:\Program Files (x86)\FAHClient;C:\Users\Marcus\AppData\Roaming\npm;C:\Users\Marcus\AppData\Local\atom\bin;C:\Users\Marcus\AppData\Local\Yarn\bin;

Yarn version: 
  1.6.0

Node version: 
  12.16.2

Platform: 
  win32 x64

Trace: 
  Error: https://registry.yarnpkg.com/chart,js: Not found
      at Request.params.callback [as _callback] (C:\Users\Marcus\AppData\Roaming\npm\node_modules\yarn\lib\cli.js:65327:18)
      at Request.self.callback (C:\Users\Marcus\AppData\Roaming\npm\node_modules\yarn\lib\cli.js:133155:22)
      at Request.emit (events.js:310:20)
      at Request.<anonymous> (C:\Users\Marcus\AppData\Roaming\npm\node_modules\yarn\lib\cli.js:134138:10)
      at Request.emit (events.js:310:20)
      at IncomingMessage.<anonymous> (C:\Users\Marcus\AppData\Roaming\npm\node_modules\yarn\lib\cli.js:134058:12)
      at Object.onceWrapper (events.js:416:28)
      at IncomingMessage.emit (events.js:322:22)
      at endReadableNT (_stream_readable.js:1187:12)
      at processTicksAndRejections (internal/process/task_queues.js:84:21)

npm manifest: 
  {
    "dependencies": {
      "js-cookie": "^2.2.1",
      "lit-element": "^2.4.0",
      "uuid": "^8.3.0",
      "xgraph-adapter": "marcus13345/xgraph-adapter"
    }
  }

yarn manifest: 
  No manifest

Lockfile: 
  # THIS IS AN AUTOGENERATED FILE. DO NOT EDIT THIS FILE DIRECTLY.
  # yarn lockfile v1
  
  
  js-cookie@^2.2.1:
    version "2.2.1"
    resolved "https://registry.yarnpkg.com/js-cookie/-/js-cookie-2.2.1.tgz#69e106dc5d5806894562902aa5baec3744e9b2b8"
  
  lit-element@^2.4.0:
    version "2.4.0"
    resolved "https://registry.yarnpkg.com/lit-element/-/lit-element-2.4.0.tgz#b22607a037a8fc08f5a80736dddf7f3f5d401452"
    dependencies:
      lit-html "^1.1.1"
  
  lit-html@^1.1.1:
    version "1.3.0"
    resolved "https://registry.yarnpkg.com/lit-html/-/lit-html-1.3.0.tgz#c80f3cc5793a6dea6c07172be90a70ab20e56034"
  
  uuid@^8.3.0:
    version "8.3.0"
    resolved "https://registry.yarnpkg.com/uuid/-/uuid-8.3.0.tgz#ab738085ca22dc9a8c92725e459b1d507df5d6ea"
  
  xgmp@^1.2.0:
    version "1.2.0"
    resolved "https://registry.yarnpkg.com/xgmp/-/xgmp-1.2.0.tgz#a2756b2b9fc36aac50d218c89dacfa88e3808cce"
  
  xgraph-adapter@marcus13345/xgraph-adapter:
    version "0.1.0"
    resolved "https://codeload.github.com/marcus13345/xgraph-adapter/tar.gz/f68582c8673214f4e912e4076c7f389059b1858a"
    dependencies:
      xgmp "^1.2.0"
